0 info it worked if it ends with ok
1 verbose cli [ 'C:\\Program Files\\nodejs\\\\node.exe',
1 verbose cli   'C:\\Program Files\\nodejs\\node_modules\\npm\\bin\\npm-cli.js',
1 verbose cli   'publish' ]
2 info using npm@1.4.14
3 info using node@v0.10.29
4 verbose node symlink C:\Program Files\nodejs\\node.exe
5 verbose publish [ '.' ]
6 verbose cache add [ '.', null ]
7 verbose cache add name=undefined spec="." args=[".",null]
8 verbose parsed url { protocol: null,
8 verbose parsed url   slashes: null,
8 verbose parsed url   auth: null,
8 verbose parsed url   host: null,
8 verbose parsed url   port: null,
8 verbose parsed url   hostname: null,
8 verbose parsed url   hash: null,
8 verbose parsed url   search: null,
8 verbose parsed url   query: null,
8 verbose parsed url   pathname: '.',
8 verbose parsed url   path: '.',
8 verbose parsed url   href: '.' }
9 silly lockFile 3a52ce78- .
10 verbose lock . C:\Users\jeakeyliang\AppData\Roaming\npm-cache\3a52ce78-.lock
11 verbose tar pack [ 'C:\\Users\\jeakeyliang\\AppData\\Roaming\\npm-cache\\grunt-mpt\\0.1.0\\package.tgz',
11 verbose tar pack   '.' ]
12 verbose tarball C:\Users\jeakeyliang\AppData\Roaming\npm-cache\grunt-mpt\0.1.0\package.tgz
13 verbose folder .
14 info prepublish grunt-mpt@0.1.0
15 silly lockFile 1f1177db-tar tar://.
16 verbose lock tar://. C:\Users\jeakeyliang\AppData\Roaming\npm-cache\1f1177db-tar.lock
17 silly lockFile b89932d5-ache-grunt-mpt-0-1-0-package-tgz tar://C:\Users\jeakeyliang\AppData\Roaming\npm-cache\grunt-mpt\0.1.0\package.tgz
18 verbose lock tar://C:\Users\jeakeyliang\AppData\Roaming\npm-cache\grunt-mpt\0.1.0\package.tgz C:\Users\jeakeyliang\AppData\Roaming\npm-cache\b89932d5-ache-grunt-mpt-0-1-0-package-tgz.lock
19 silly lockFile 1f1177db-tar tar://.
20 silly lockFile 1f1177db-tar tar://.
21 silly lockFile b89932d5-ache-grunt-mpt-0-1-0-package-tgz tar://C:\Users\jeakeyliang\AppData\Roaming\npm-cache\grunt-mpt\0.1.0\package.tgz
22 silly lockFile b89932d5-ache-grunt-mpt-0-1-0-package-tgz tar://C:\Users\jeakeyliang\AppData\Roaming\npm-cache\grunt-mpt\0.1.0\package.tgz
23 silly lockFile 1290b5ca-pm-cache-grunt-mpt-0-1-0-package C:\Users\jeakeyliang\AppData\Roaming\npm-cache\grunt-mpt\0.1.0\package
24 verbose lock C:\Users\jeakeyliang\AppData\Roaming\npm-cache\grunt-mpt\0.1.0\package C:\Users\jeakeyliang\AppData\Roaming\npm-cache\1290b5ca-pm-cache-grunt-mpt-0-1-0-package.lock
25 silly lockFile 1290b5ca-pm-cache-grunt-mpt-0-1-0-package C:\Users\jeakeyliang\AppData\Roaming\npm-cache\grunt-mpt\0.1.0\package
26 silly lockFile 1290b5ca-pm-cache-grunt-mpt-0-1-0-package C:\Users\jeakeyliang\AppData\Roaming\npm-cache\grunt-mpt\0.1.0\package
27 silly lockFile 3a52ce78- .
28 silly lockFile 3a52ce78- .
29 silly publish { name: 'grunt-mpt',
29 silly publish   description: 'mpt debug',
29 silly publish   version: '0.1.0',
29 silly publish   homepage: 'https://github.com/jeakey/grunt-mpt',
29 silly publish   author: { name: 'jeakey' },
29 silly publish   repository: { type: 'git', url: 'https://github.com/jeakey/grunt-mpt.git' },
29 silly publish   bugs: { url: 'https://github.com/jeakey/grunt-mpt/issues' },
29 silly publish   licenses: [ { type: 'MIT' } ],
29 silly publish   main: 'Gruntfile.js',
29 silly publish   engines: { node: '>= 0.8.0' },
29 silly publish   scripts: { test: 'grunt test' },
29 silly publish   devDependencies: { 'grunt-contrib-watch': '*', 'grunt-newer': '*' },
29 silly publish   dependencies: { grunt: '~0.4.1', request: '*', 'fs-extra': '*' },
29 silly publish   peerDependencies: { grunt: '~0.4.1' },
29 silly publish   keywords: [ 'gruntplugin' ],
29 silly publish   _npmUser: { name: 'jeakey', email: 'jeakey@qq.com' },
29 silly publish   maintainers: [ { name: 'joriami', email: 'jeakey@qq.com' } ],
29 silly publish   directories: {},
29 silly publish   readme: '# grunt-mpt v0.1.0\n\n> mpt debug\n\n## Getting Started\nThis plugin requires Grunt `~0.4.1`\n\nIf you haven\'t used [Grunt](http://gruntjs.com/) before, be sure to check out the [Getting Started](http://gruntjs.com/getting-started) guide, as it explains how to create a [Gruntfile](http://gruntjs.com/sample-gruntfile) as well as install and use Grunt plugins. Once you\'re familiar with that process, you may install this plugin with this command:\n\n```shell\nnpm install grunt-mpt --save-dev\n```\n\nOnce the plugin has been installed, it may be enabled inside your Gruntfile with this line of JavaScript:\n\n```js\ngrunt.loadNpmTasks(\'grunt-mpt\');\n```\n\n## The "mpt" task\n\n### Overview\nIn your project\'s Gruntfile, add a section named `mpt` to the data object passed into `grunt.initConfig()`.\n\n```js\ngrunt.initConfig({\n  mpt: {\n    options: {\n      // Task-specific options go here.\n    },\n    files: {\n      // Target-specific file lists and/or options go here.\n    },\n  },\n})\n```\n\n### Options\n\n#### options.urlrandom\nType: `bool`\nDefault value: `false`\n\n如果设置为true，将为目标url加上随机字符串，保证url的保密性。\n\n#### options.id\nType: `String`\nDefault value: `(random string)`\n\n用来映射本地文件的服务器目录。\n\n\n### Usage Examples\n\n#### Default Options\n\n```js\ngrunt.initConfig({\n  mpt: {\n    options: {\n      id:"gamecenter"\n    },\n    files: [{\n      expand: true,\n      cwd: \'test\',\n      src: [\'**\']\n    }],\n  },\n})\n```\n\n#### 给url带上随机字符串\n\n```js\ngrunt.initConfig({\n  mpt: {\n    options: {\n      id:"gamecenter",\n      urlrandom:true\n    },\n    files: [{\n      expand: true,\n      cwd: \'test\',\n      src: [\'**\']\n    }],\n  },\n})\n```\n#### 增量更新\n\n```js\ngrunt.initConfig({\n  mpt: {\n    options: {\n      id:"gamecenter"\n    },\n    single:{\n      options:{\n        action:"changed"\n      },\n      src:["test/index.html"]\n      \n    }\n  }\n  watch:{\n      main: {\n          files: [\n             \'test/**\'\n          ],\n          tasks:["mpt:single"]\n      }\n  }\n})\ngrunt.event.on(\'watch\',function(action,filepath,target){\n    var filepath=filepath.replace("\\\\","/");\n    grunt.config(\'mpt.single.src\',[filepath]);\n    \n });\n\n```\n',
29 silly publish   readmeFilename: 'README.md',
29 silly publish   gitHead: 'abcbe2f535ab0e5815d6503946ddbeed6387af7c',
29 silly publish   _id: 'grunt-mpt@0.1.0',
29 silly publish   _shasum: '9db2027b64f5494d96c598dfe619738444dd5b24',
29 silly publish   _from: '.' }
30 verbose url raw grunt-mpt
31 verbose url resolving [ 'http://registry.npmjs.org/', './grunt-mpt' ]
32 verbose url resolved http://registry.npmjs.org/grunt-mpt
33 info trying registry request attempt 1 at 20:04:31
34 http PUT http://registry.npmjs.org/grunt-mpt
35 http 403 http://registry.npmjs.org/grunt-mpt
36 verbose headers { 'content-type': 'application/json',
36 verbose headers   'cache-control': 'max-age=60',
36 verbose headers   'content-length': '95',
36 verbose headers   'accept-ranges': 'bytes',
36 verbose headers   date: 'Fri, 31 Jul 2015 12:04:32 GMT',
36 verbose headers   via: '1.1 varnish',
36 verbose headers   connection: 'keep-alive',
36 verbose headers   'x-served-by': 'cache-nrt6134-NRT',
36 verbose headers   'x-cache': 'MISS',
36 verbose headers   'x-cache-hits': '0',
36 verbose headers   'x-timer': 'S1438344271.820279,VS0,VE622' }
37 error publish Failed PUT 403
38 error Error: "You cannot publish over the previously published version 0.1.0." : grunt-mpt
38 error     at RegClient.<anonymous> (C:\Program Files\nodejs\node_modules\npm\node_modules\npm-registry-client\lib\request.js:274:14)
38 error     at Request._callback (C:\Program Files\nodejs\node_modules\npm\node_modules\npm-registry-client\lib\request.js:212:65)
38 error     at Request.self.callback (C:\Program Files\nodejs\node_modules\npm\node_modules\request\request.js:123:22)
38 error     at Request.emit (events.js:98:17)
38 error     at Request.<anonymous> (C:\Program Files\nodejs\node_modules\npm\node_modules\request\request.js:893:14)
38 error     at Request.emit (events.js:117:20)
38 error     at IncomingMessage.<anonymous> (C:\Program Files\nodejs\node_modules\npm\node_modules\request\request.js:844:12)
38 error     at IncomingMessage.emit (events.js:117:20)
38 error     at _stream_readable.js:929:16
38 error     at process._tickCallback (node.js:419:13)
39 error If you need help, you may report this *entire* log,
39 error including the npm and node versions, at:
39 error     <http://github.com/npm/npm/issues>
40 error System Windows_NT 6.1.7601
41 error command "C:\\Program Files\\nodejs\\\\node.exe" "C:\\Program Files\\nodejs\\node_modules\\npm\\bin\\npm-cli.js" "publish"
42 error cwd G:\imgcache\github\grunt-mpt
43 error node -v v0.10.29
44 error npm -v 1.4.14
45 verbose exit [ 1, true ]
